Build started 6/17/2015 10:13:10 PM.
     1>Project "C:\OpenIntelligence\Open_Intelligence\VisualStudio2013\OpenIntelligence\OpenIntelligence\OpenIntelligence.vcxproj" on node 2 (Build target(s)).
     1>ClCompile:
         C:\Program Files (x86)\Microsoft Visual Studio 12.0\VC\bin\CL.exe /c /ZI /nologo /W3 /WX- /sdl /Od /Oy- /D _MBCS /Gm /EHsc /RTC1 /MDd /GS /fp:precise /Zc:wchar_t /Zc:forScope /Fo"Debug\\" /Fd"Debug\vc120.pdb" /Gd /TP /analyze- /errorReport:prompt Mindwork\5_Do.cpp Mindwork\2_Observe.cpp Mindwork\4_Plan.cpp Mindwork\1_Stimulus.cpp Mindwork\3_Think.cpp Mindwork\6_Verify.cpp
         6_Verify.cpp
         3_Think.cpp
         1_Stimulus.cpp
         4_Plan.cpp
         2_Observe.cpp
         5_Do.cpp
         Generating Code...
       Link:
         C:\Program Files (x86)\Microsoft Visual Studio 12.0\VC\bin\link.exe /ERRORREPORT:PROMPT /OUT:"C:\OpenIntelligence\Open_Intelligence\VisualStudio2013\OpenIntelligence\Debug\OpenIntelligence.exe" /INCREMENTAL /NOLOGO kernel32.lib user32.lib gdi32.lib winspool.lib comdlg32.lib advapi32.lib shell32.lib ole32.lib oleaut32.lib uuid.lib odbc32.lib odbccp32.lib /MANIFEST /MANIFESTUAC:"level='asInvoker' uiAccess='false'" /manifest:embed /DEBUG /PDB:"C:\OpenIntelligence\Open_Intelligence\VisualStudio2013\OpenIntelligence\Debug\OpenIntelligence.pdb" /TLBID:1 /DYNAMICBASE /NXCOMPAT /IMPLIB:"C:\OpenIntelligence\Open_Intelligence\VisualStudio2013\OpenIntelligence\Debug\OpenIntelligence.lib" /MACHINE:X86 Debug\5_Do.obj
         Debug\2_Observe.obj
         Debug\4_Plan.obj
         Debug\1_Stimulus.obj
         Debug\3_Think.obj
         Debug\6_Verify.obj
     1>LINK : fatal error LNK1561: entry point must be defined
     1>Done Building Project "C:\OpenIntelligence\Open_Intelligence\VisualStudio2013\OpenIntelligence\OpenIntelligence\OpenIntelligence.vcxproj" (Build target(s)) -- FAILED.

Build FAILED.

Time Elapsed 00:00:01.62
